# JRE version: OpenJDK Runtime Environment (8.0_242-b01) (build 1.8.0_242-release-1644-b01)
# Java VM: OpenJDK 64-Bit Server VM (25.242-b01 mixed mode windows-amd64 compressed oops)
Heap:
 PSYoungGen      total 194048K, used 61647K [0x00000000e0000000, 0x00000000ef600000, 0x0000000100000000)
  eden space 177152K, 34% used [0x00000000e0000000,0x00000000e3c33da0,0x00000000ead00000)
  from space 16896K, 0% used [0x00000000ead00000,0x00000000ead00000,0x00000000ebd80000)
  to   space 23552K, 0% used [0x00000000edf00000,0x00000000edf00000,0x00000000ef600000)
 ParOldGen       total 222208K, used 42113K [0x00000000a0000000, 0x00000000ad900000, 0x00000000e0000000)
  object space 222208K, 18% used [0x00000000a0000000,0x00000000a2920630,0x00000000ad900000)
 Metaspace       used 60243K, capacity 62128K, committed 62296K, reserved 1103872K
  class space    used 8196K, capacity 8710K, committed 8832K, reserved 1048576K
GC Heap History (10 events):
Event: 10.346 GC heap before
{Heap before GC invocations=8 (full 2):
 PSYoungGen      total 151040K, used 12756K [0x00000000e0000000, 0x00000000ea680000, 0x0000000100000000)
  eden space 138240K, 0% used [0x00000000e0000000,0x00000000e0000000,0x00000000e8700000)
  from space 12800K, 99% used [0x00000000e9580000,0x00000000ea1f53a0,0x00000000ea200000)
  to   space 14848K, 0% used [0x00000000e8700000,0x00000000e8700000,0x00000000e9580000)
 ParOldGen       total 83968K, used 12056K [0x00000000a0000000, 0x00000000a5200000, 0x00000000e0000000)
  object space 83968K, 14% used [0x00000000a0000000,0x00000000a0bc6218,0x00000000a5200000)
 Metaspace       used 34675K, capacity 35160K, committed 35416K, reserved 1079296K
  class space    used 4731K, capacity 4905K, committed 4992K, reserved 1048576K
Event: 10.514 GC heap after
Heap after GC invocations=8 (full 2):
 PSYoungGen      total 151040K, used 0K [0x00000000e0000000, 0x00000000ea680000, 0x0000000100000000)
  eden space 138240K, 0% used [0x00000000e0000000,0x00000000e0000000,0x00000000e8700000)
  from space 12800K, 0% used [0x00000000e9580000,0x00000000e9580000,0x00000000ea200000)
  to   space 14848K, 0% used [0x00000000e8700000,0x00000000e8700000,0x00000000e9580000)
 ParOldGen       total 141824K, used 19030K [0x00000000a0000000, 0x00000000a8a80000, 0x00000000e0000000)
  object space 141824K, 13% used [0x00000000a0000000,0x00000000a1295840,0x00000000a8a80000)
 Metaspace       used 34675K, capacity 35160K, committed 35416K, reserved 1079296K
  class space    used 4731K, capacity 4905K, committed 4992K, reserved 1048576K
}
Event: 15.323 GC heap before
{Heap before GC invocations=9 (full 2):
 PSYoungGen      total 151040K, used 138240K [0x00000000e0000000, 0x00000000ea680000, 0x0000000100000000)
  eden space 138240K, 100% used [0x00000000e0000000,0x00000000e8700000,0x00000000e8700000)
  from space 12800K, 0% used [0x00000000e9580000,0x00000000e9580000,0x00000000ea200000)
  to   space 14848K, 0% used [0x00000000e8700000,0x00000000e8700000,0x00000000e9580000)
 ParOldGen       total 141824K, used 19030K [0x00000000a0000000, 0x00000000a8a80000, 0x00000000e0000000)
  object space 141824K, 13% used [0x00000000a0000000,0x00000000a1295840,0x00000000a8a80000)
 Metaspace       used 42368K, capacity 43134K, committed 43480K, reserved 1087488K
  class space    used 5598K, capacity 5868K, committed 5888K, reserved 1048576K
Event: 15.345 GC heap after
Heap after GC invocations=9 (full 2):
 PSYoungGen      total 153088K, used 9258K [0x00000000e0000000, 0x00000000ecb00000, 0x0000000100000000)
  eden space 138240K, 0% used [0x00000000e0000000,0x00000000e0000000,0x00000000e8700000)
  from space 14848K, 62% used [0x00000000e8700000,0x00000000e900ab18,0x00000000e9580000)
  to   space 13824K, 0% used [0x00000000ebd80000,0x00000000ebd80000,0x00000000ecb00000)
 ParOldGen       total 141824K, used 19038K [0x00000000a0000000, 0x00000000a8a80000, 0x00000000e0000000)
  object space 141824K, 13% used [0x00000000a0000000,0x00000000a1297840,0x00000000a8a80000)
 Metaspace       used 42368K, capacity 43134K, committed 43480K, reserved 1087488K
  class space    used 5598K, capacity 5868K, committed 5888K, reserved 1048576K
}
Event: 19.826 GC heap before
{Heap before GC invocations=10 (full 2):
 PSYoungGen      total 153088K, used 147498K [0x00000000e0000000, 0x00000000ecb00000, 0x0000000100000000)
  eden space 138240K, 100% used [0x00000000e0000000,0x00000000e8700000,0x00000000e8700000)
  from space 14848K, 62% used [0x00000000e8700000,0x00000000e900ab18,0x00000000e9580000)
  to   space 13824K, 0% used [0x00000000ebd80000,0x00000000ebd80000,0x00000000ecb00000)
 ParOldGen       total 141824K, used 19038K [0x00000000a0000000, 0x00000000a8a80000, 0x00000000e0000000)
  object space 141824K, 13% used [0x00000000a0000000,0x00000000a1297840,0x00000000a8a80000)
 Metaspace       used 48017K, capacity 49170K, committed 49240K, reserved 1091584K
  class space    used 6347K, capacity 6771K, committed 6784K, reserved 1048576K
Event: 19.856 GC heap after
Heap after GC invocations=10 (full 2):
 PSYoungGen      total 190976K, used 13814K [0x00000000e0000000, 0x00000000ece00000, 0x0000000100000000)
  eden space 177152K, 0% used [0x00000000e0000000,0x00000000e0000000,0x00000000ead00000)
  from space 13824K, 99% used [0x00000000ebd80000,0x00000000ecafdab8,0x00000000ecb00000)
  to   space 16896K, 0% used [0x00000000ead00000,0x00000000ead00000,0x00000000ebd80000)
 ParOldGen       total 141824K, used 21650K [0x00000000a0000000, 0x00000000a8a80000, 0x00000000e0000000)
  object space 141824K, 15% used [0x00000000a0000000,0x00000000a15249a0,0x00000000a8a80000)
 Metaspace       used 48017K, capacity 49170K, committed 49240K, reserved 1091584K
  class space    used 6347K, capacity 6771K, committed 6784K, reserved 1048576K
}
Event: 27.658 GC heap before
{Heap before GC invocations=11 (full 2):
 PSYoungGen      total 190976K, used 175822K [0x00000000e0000000, 0x00000000ece00000, 0x0000000100000000)
  eden space 177152K, 91% used [0x00000000e0000000,0x00000000e9e36130,0x00000000ead00000)
  from space 13824K, 99% used [0x00000000ebd80000,0x00000000ecafdab8,0x00000000ecb00000)
  to   space 16896K, 0% used [0x00000000ead00000,0x00000000ead00000,0x00000000ebd80000)
 ParOldGen       total 141824K, used 21650K [0x00000000a0000000, 0x00000000a8a80000, 0x00000000e0000000)
  object space 141824K, 15% used [0x00000000a0000000,0x00000000a15249a0,0x00000000a8a80000)
 Metaspace       used 57292K, capacity 58892K, committed 59028K, reserved 1099776K
  class space    used 7751K, capacity 8192K, committed 8192K, reserved 1048576K
Event: 27.702 GC heap after
Heap after GC invocations=11 (full 2):
 PSYoungGen      total 194048K, used 16875K [0x00000000e0000000, 0x00000000ef600000, 0x0000000100000000)
  eden space 177152K, 0% used [0x00000000e0000000,0x00000000e0000000,0x00000000ead00000)
  from space 16896K, 99% used [0x00000000ead00000,0x00000000ebd7ac78,0x00000000ebd80000)
  to   space 23552K, 0% used [0x00000000edf00000,0x00000000edf00000,0x00000000ef600000)
 ParOldGen       total 141824K, used 33968K [0x00000000a0000000, 0x00000000a8a80000, 0x00000000e0000000)
  object space 141824K, 23% used [0x00000000a0000000,0x00000000a212c148,0x00000000a8a80000)
 Metaspace       used 57292K, capacity 58892K, committed 59028K, reserved 1099776K
  class space    used 7751K, capacity 8192K, committed 8192K, reserved 1048576K
}
Event: 27.702 GC heap before
{Heap before GC invocations=12 (full 3):
 PSYoungGen      total 194048K, used 16875K [0x00000000e0000000, 0x00000000ef600000, 0x0000000100000000)
  eden space 177152K, 0% used [0x00000000e0000000,0x00000000e0000000,0x00000000ead00000)
  from space 16896K, 99% used [0x00000000ead00000,0x00000000ebd7ac78,0x00000000ebd80000)
  to   space 23552K, 0% used [0x00000000edf00000,0x00000000edf00000,0x00000000ef600000)
 ParOldGen       total 141824K, used 33968K [0x00000000a0000000, 0x00000000a8a80000, 0x00000000e0000000)
  object space 141824K, 23% used [0x00000000a0000000,0x00000000a212c148,0x00000000a8a80000)
 Metaspace       used 57292K, capacity 58892K, committed 59028K, reserved 1099776K
  class space    used 7751K, capacity 8192K, committed 8192K, reserved 1048576K
Event: 28.085 GC heap after
Heap after GC invocations=12 (full 3):
 PSYoungGen      total 194048K, used 0K [0x00000000e0000000, 0x00000000ef600000, 0x0000000100000000)
  eden space 177152K, 0% used [0x00000000e0000000,0x00000000e0000000,0x00000000ead00000)
  from space 16896K, 0% used [0x00000000ead00000,0x00000000ead00000,0x00000000ebd80000)
  to   space 23552K, 0% used [0x00000000edf00000,0x00000000edf00000,0x00000000ef600000)
 ParOldGen       total 222208K, used 42113K [0x00000000a0000000, 0x00000000ad900000, 0x00000000e0000000)
  object space 222208K, 18% used [0x00000000a0000000,0x00000000a2920630,0x00000000ad900000)
 Metaspace       used 57292K, capacity 58892K, committed 59028K, reserved 1099776K
  class space    used 7751K, capacity 8192K, committed 8192K, reserved 1048576K
}

