# JRE version: OpenJDK Runtime Environment (8.0_242-b01) (build 1.8.0_242-release-1644-b01)
# Java VM: OpenJDK 64-Bit Server VM (25.242-b01 mixed mode windows-amd64 compressed oops)
Heap:
 PSYoungGen      total 178688K, used 157513K [0x00000000e0000000, 0x00000000eba00000, 0x0000000100000000)
  eden space 166912K, 88% used [0x00000000e0000000,0x00000000e8ffef70,0x00000000ea300000)
  from space 11776K, 85% used [0x00000000ea300000,0x00000000eacd36d0,0x00000000eae80000)
  to   space 10752K, 0% used [0x00000000eaf80000,0x00000000eaf80000,0x00000000eba00000)
 ParOldGen       total 80896K, used 14417K [0x00000000a0000000, 0x00000000a4f00000, 0x00000000e0000000)
  object space 80896K, 17% used [0x00000000a0000000,0x00000000a0e146c8,0x00000000a4f00000)
 Metaspace       used 52310K, capacity 53652K, committed 53888K, reserved 1095680K
  class space    used 6799K, capacity 7202K, committed 7296K, reserved 1048576K
GC Heap History (10 events):
Event: 36.302 GC heap before
{Heap before GC invocations=15 (full 1):
 PSYoungGen      total 122368K, used 113714K [0x00000000e0000000, 0x00000000ebb00000, 0x0000000100000000)
  eden space 110080K, 100% used [0x00000000e0000000,0x00000000e6b80000,0x00000000e6b80000)
  from space 12288K, 29% used [0x00000000e6b80000,0x00000000e6f0c970,0x00000000e7780000)
  to   space 11776K, 0% used [0x00000000eaf80000,0x00000000eaf80000,0x00000000ebb00000)
 ParOldGen       total 61952K, used 23988K [0x00000000a0000000, 0x00000000a3c80000, 0x00000000e0000000)
  object space 61952K, 38% used [0x00000000a0000000,0x00000000a176d308,0x00000000a3c80000)
 Metaspace       used 33458K, capacity 34100K, committed 34432K, reserved 1079296K
  class space    used 4508K, capacity 4712K, committed 4736K, reserved 1048576K
Event: 36.308 GC heap after
Heap after GC invocations=15 (full 1):
 PSYoungGen      total 177664K, used 3131K [0x00000000e0000000, 0x00000000eba00000, 0x0000000100000000)
  eden space 166912K, 0% used [0x00000000e0000000,0x00000000e0000000,0x00000000ea300000)
  from space 10752K, 29% used [0x00000000eaf80000,0x00000000eb28ee18,0x00000000eba00000)
  to   space 11776K, 0% used [0x00000000ea300000,0x00000000ea300000,0x00000000eae80000)
 ParOldGen       total 61952K, used 27516K [0x00000000a0000000, 0x00000000a3c80000, 0x00000000e0000000)
  object space 61952K, 44% used [0x00000000a0000000,0x00000000a1adf308,0x00000000a3c80000)
 Metaspace       used 33458K, capacity 34100K, committed 34432K, reserved 1079296K
  class space    used 4508K, capacity 4712K, committed 4736K, reserved 1048576K
}
Event: 37.413 GC heap before
{Heap before GC invocations=16 (full 1):
 PSYoungGen      total 177664K, used 170043K [0x00000000e0000000, 0x00000000eba00000, 0x0000000100000000)
  eden space 166912K, 100% used [0x00000000e0000000,0x00000000ea300000,0x00000000ea300000)
  from space 10752K, 29% used [0x00000000eaf80000,0x00000000eb28ee18,0x00000000eba00000)
  to   space 11776K, 0% used [0x00000000ea300000,0x00000000ea300000,0x00000000eae80000)
 ParOldGen       total 61952K, used 27516K [0x00000000a0000000, 0x00000000a3c80000, 0x00000000e0000000)
  object space 61952K, 44% used [0x00000000a0000000,0x00000000a1adf308,0x00000000a3c80000)
 Metaspace       used 33459K, capacity 34100K, committed 34432K, reserved 1079296K
  class space    used 4508K, capacity 4712K, committed 4736K, reserved 1048576K
Event: 37.421 GC heap after
Heap after GC invocations=16 (full 1):
 PSYoungGen      total 178688K, used 4210K [0x00000000e0000000, 0x00000000eba00000, 0x0000000100000000)
  eden space 166912K, 0% used [0x00000000e0000000,0x00000000e0000000,0x00000000ea300000)
  from space 11776K, 35% used [0x00000000ea300000,0x00000000ea71c970,0x00000000eae80000)
  to   space 10752K, 0% used [0x00000000eaf80000,0x00000000eaf80000,0x00000000eba00000)
 ParOldGen       total 61952K, used 30392K [0x00000000a0000000, 0x00000000a3c80000, 0x00000000e0000000)
  object space 61952K, 49% used [0x00000000a0000000,0x00000000a1dae120,0x00000000a3c80000)
 Metaspace       used 33459K, capacity 34100K, committed 34432K, reserved 1079296K
  class space    used 4508K, capacity 4712K, committed 4736K, reserved 1048576K
}
Event: 38.651 GC heap before
{Heap before GC invocations=17 (full 1):
 PSYoungGen      total 178688K, used 99090K [0x00000000e0000000, 0x00000000eba00000, 0x0000000100000000)
  eden space 166912K, 56% used [0x00000000e0000000,0x00000000e5ca7ec8,0x00000000ea300000)
  from space 11776K, 35% used [0x00000000ea300000,0x00000000ea71c970,0x00000000eae80000)
  to   space 10752K, 0% used [0x00000000eaf80000,0x00000000eaf80000,0x00000000eba00000)
 ParOldGen       total 61952K, used 30392K [0x00000000a0000000, 0x00000000a3c80000, 0x00000000e0000000)
  object space 61952K, 49% used [0x00000000a0000000,0x00000000a1dae120,0x00000000a3c80000)
 Metaspace       used 34532K, capacity 35332K, committed 35496K, reserved 1079296K
  class space    used 4586K, capacity 4799K, committed 4864K, reserved 1048576K
Event: 38.655 GC heap after
Heap after GC invocations=17 (full 1):
 PSYoungGen      total 177664K, used 1992K [0x00000000e0000000, 0x00000000eba00000, 0x0000000100000000)
  eden space 166912K, 0% used [0x00000000e0000000,0x00000000e0000000,0x00000000ea300000)
  from space 10752K, 18% used [0x00000000eaf80000,0x00000000eb172258,0x00000000eba00000)
  to   space 11776K, 0% used [0x00000000ea300000,0x00000000ea300000,0x00000000eae80000)
 ParOldGen       total 61952K, used 30416K [0x00000000a0000000, 0x00000000a3c80000, 0x00000000e0000000)
  object space 61952K, 49% used [0x00000000a0000000,0x00000000a1db4120,0x00000000a3c80000)
 Metaspace       used 34532K, capacity 35332K, committed 35496K, reserved 1079296K
  class space    used 4586K, capacity 4799K, committed 4864K, reserved 1048576K
}
Event: 38.655 GC heap before
{Heap before GC invocations=18 (full 2):
 PSYoungGen      total 177664K, used 1992K [0x00000000e0000000, 0x00000000eba00000, 0x0000000100000000)
  eden space 166912K, 0% used [0x00000000e0000000,0x00000000e0000000,0x00000000ea300000)
  from space 10752K, 18% used [0x00000000eaf80000,0x00000000eb172258,0x00000000eba00000)
  to   space 11776K, 0% used [0x00000000ea300000,0x00000000ea300000,0x00000000eae80000)
 ParOldGen       total 61952K, used 30416K [0x00000000a0000000, 0x00000000a3c80000, 0x00000000e0000000)
  object space 61952K, 49% used [0x00000000a0000000,0x00000000a1db4120,0x00000000a3c80000)
 Metaspace       used 34532K, capacity 35332K, committed 35496K, reserved 1079296K
  class space    used 4586K, capacity 4799K, committed 4864K, reserved 1048576K
Event: 38.745 GC heap after
Heap after GC invocations=18 (full 2):
 PSYoungGen      total 177664K, used 0K [0x00000000e0000000, 0x00000000eba00000, 0x0000000100000000)
  eden space 166912K, 0% used [0x00000000e0000000,0x00000000e0000000,0x00000000ea300000)
  from space 10752K, 0% used [0x00000000eaf80000,0x00000000eaf80000,0x00000000eba00000)
  to   space 11776K, 0% used [0x00000000ea300000,0x00000000ea300000,0x00000000eae80000)
 ParOldGen       total 80896K, used 14345K [0x00000000a0000000, 0x00000000a4f00000, 0x00000000e0000000)
  object space 80896K, 17% used [0x00000000a0000000,0x00000000a0e026b8,0x00000000a4f00000)
 Metaspace       used 34467K, capacity 35204K, committed 35496K, reserved 1079296K
  class space    used 4568K, capacity 4779K, committed 4864K, reserved 1048576K
}
Event: 47.231 GC heap before
{Heap before GC invocations=19 (full 2):
 PSYoungGen      total 177664K, used 166912K [0x00000000e0000000, 0x00000000eba00000, 0x0000000100000000)
  eden space 166912K, 100% used [0x00000000e0000000,0x00000000ea300000,0x00000000ea300000)
  from space 10752K, 0% used [0x00000000eaf80000,0x00000000eaf80000,0x00000000eba00000)
  to   space 11776K, 0% used [0x00000000ea300000,0x00000000ea300000,0x00000000eae80000)
 ParOldGen       total 80896K, used 14345K [0x00000000a0000000, 0x00000000a4f00000, 0x00000000e0000000)
  object space 80896K, 17% used [0x00000000a0000000,0x00000000a0e026b8,0x00000000a4f00000)
 Metaspace       used 41129K, capacity 42202K, committed 42368K, reserved 1085440K
  class space    used 5415K, capacity 5736K, committed 5760K, reserved 1048576K
Event: 47.248 GC heap after
Heap after GC invocations=19 (full 2):
 PSYoungGen      total 178688K, used 10061K [0x00000000e0000000, 0x00000000eba00000, 0x0000000100000000)
  eden space 166912K, 0% used [0x00000000e0000000,0x00000000e0000000,0x00000000ea300000)
  from space 11776K, 85% used [0x00000000ea300000,0x00000000eacd36d0,0x00000000eae80000)
  to   space 10752K, 0% used [0x00000000eaf80000,0x00000000eaf80000,0x00000000eba00000)
 ParOldGen       total 80896K, used 14417K [0x00000000a0000000, 0x00000000a4f00000, 0x00000000e0000000)
  object space 80896K, 17% used [0x00000000a0000000,0x00000000a0e146c8,0x00000000a4f00000)
 Metaspace       used 41129K, capacity 42202K, committed 42368K, reserved 1085440K
  class space    used 5415K, capacity 5736K, committed 5760K, reserved 1048576K
}

