# JRE version: OpenJDK Runtime Environment (8.0_242-b01) (build 1.8.0_242-release-1644-b01)
# Java VM: OpenJDK 64-Bit Server VM (25.242-b01 mixed mode windows-amd64 compressed oops)
Heap:
 PSYoungGen      total 103936K, used 3567K [0x00000000e0000000, 0x00000000e8180000, 0x0000000100000000)
  eden space 90624K, 3% used [0x00000000e0000000,0x00000000e037be30,0x00000000e5880000)
  from space 13312K, 0% used [0x00000000e6500000,0x00000000e6500000,0x00000000e7200000)
  to   space 12800K, 0% used [0x00000000e5880000,0x00000000e5880000,0x00000000e6500000)
 ParOldGen       total 131584K, used 14788K [0x00000000a0000000, 0x00000000a8080000, 0x00000000e0000000)
  object space 131584K, 11% used [0x00000000a0000000,0x00000000a0e711a0,0x00000000a8080000)
 Metaspace       used 34807K, capacity 35296K, committed 35672K, reserved 1079296K
  class space    used 4735K, capacity 4905K, committed 4992K, reserved 1048576K
GC Heap History (10 events):
Event: 9.350 GC heap before
{Heap before GC invocations=6 (full 1):
 PSYoungGen      total 56832K, used 49152K [0x00000000e0000000, 0x00000000e6f00000, 0x0000000100000000)
  eden space 49152K, 100% used [0x00000000e0000000,0x00000000e3000000,0x00000000e3000000)
  from space 7680K, 0% used [0x00000000e3780000,0x00000000e3780000,0x00000000e3f00000)
  to   space 7680K, 0% used [0x00000000e3000000,0x00000000e3000000,0x00000000e3780000)
 ParOldGen       total 94208K, used 9411K [0x00000000a0000000, 0x00000000a5c00000, 0x00000000e0000000)
  object space 94208K, 9% used [0x00000000a0000000,0x00000000a0930e80,0x00000000a5c00000)
 Metaspace       used 26094K, capacity 26396K, committed 26752K, reserved 1073152K
  class space    used 3531K, capacity 3666K, committed 3712K, reserved 1048576K
Event: 9.361 GC heap after
Heap after GC invocations=6 (full 1):
 PSYoungGen      total 56832K, used 6185K [0x00000000e0000000, 0x00000000e5600000, 0x0000000100000000)
  eden space 49152K, 0% used [0x00000000e0000000,0x00000000e0000000,0x00000000e3000000)
  from space 7680K, 80% used [0x00000000e3000000,0x00000000e360a6e8,0x00000000e3780000)
  to   space 11776K, 0% used [0x00000000e4a80000,0x00000000e4a80000,0x00000000e5600000)
 ParOldGen       total 94208K, used 9419K [0x00000000a0000000, 0x00000000a5c00000, 0x00000000e0000000)
  object space 94208K, 9% used [0x00000000a0000000,0x00000000a0932e80,0x00000000a5c00000)
 Metaspace       used 26094K, capacity 26396K, committed 26752K, reserved 1073152K
  class space    used 3531K, capacity 3666K, committed 3712K, reserved 1048576K
}
Event: 10.738 GC heap before
{Heap before GC invocations=7 (full 1):
 PSYoungGen      total 56832K, used 55337K [0x00000000e0000000, 0x00000000e5600000, 0x0000000100000000)
  eden space 49152K, 100% used [0x00000000e0000000,0x00000000e3000000,0x00000000e3000000)
  from space 7680K, 80% used [0x00000000e3000000,0x00000000e360a6e8,0x00000000e3780000)
  to   space 11776K, 0% used [0x00000000e4a80000,0x00000000e4a80000,0x00000000e5600000)
 ParOldGen       total 94208K, used 9419K [0x00000000a0000000, 0x00000000a5c00000, 0x00000000e0000000)
  object space 94208K, 9% used [0x00000000a0000000,0x00000000a0932e80,0x00000000a5c00000)
 Metaspace       used 29209K, capacity 29728K, committed 30080K, reserved 1075200K
  class space    used 3958K, capacity 4168K, committed 4224K, reserved 1048576K
Event: 10.752 GC heap after
Heap after GC invocations=7 (full 1):
 PSYoungGen      total 76288K, used 8547K [0x00000000e0000000, 0x00000000e5600000, 0x0000000100000000)
  eden space 64512K, 0% used [0x00000000e0000000,0x00000000e0000000,0x00000000e3f00000)
  from space 11776K, 72% used [0x00000000e4a80000,0x00000000e52d8d08,0x00000000e5600000)
  to   space 11776K, 0% used [0x00000000e3f00000,0x00000000e3f00000,0x00000000e4a80000)
 ParOldGen       total 94208K, used 9427K [0x00000000a0000000, 0x00000000a5c00000, 0x00000000e0000000)
  object space 94208K, 10% used [0x00000000a0000000,0x00000000a0934e80,0x00000000a5c00000)
 Metaspace       used 29209K, capacity 29728K, committed 30080K, reserved 1075200K
  class space    used 3958K, capacity 4168K, committed 4224K, reserved 1048576K
}
Event: 12.172 GC heap before
{Heap before GC invocations=8 (full 1):
 PSYoungGen      total 76288K, used 73059K [0x00000000e0000000, 0x00000000e5600000, 0x0000000100000000)
  eden space 64512K, 100% used [0x00000000e0000000,0x00000000e3f00000,0x00000000e3f00000)
  from space 11776K, 72% used [0x00000000e4a80000,0x00000000e52d8d08,0x00000000e5600000)
  to   space 11776K, 0% used [0x00000000e3f00000,0x00000000e3f00000,0x00000000e4a80000)
 ParOldGen       total 94208K, used 9427K [0x00000000a0000000, 0x00000000a5c00000, 0x00000000e0000000)
  object space 94208K, 10% used [0x00000000a0000000,0x00000000a0934e80,0x00000000a5c00000)
 Metaspace       used 33080K, capacity 33652K, committed 34048K, reserved 1079296K
  class space    used 4567K, capacity 4771K, committed 4864K, reserved 1048576K
Event: 12.217 GC heap after
Heap after GC invocations=8 (full 1):
 PSYoungGen      total 76288K, used 11538K [0x00000000e0000000, 0x00000000e7200000, 0x0000000100000000)
  eden space 64512K, 0% used [0x00000000e0000000,0x00000000e0000000,0x00000000e3f00000)
  from space 11776K, 97% used [0x00000000e3f00000,0x00000000e4a449f8,0x00000000e4a80000)
  to   space 13312K, 0% used [0x00000000e6500000,0x00000000e6500000,0x00000000e7200000)
 ParOldGen       total 94208K, used 9435K [0x00000000a0000000, 0x00000000a5c00000, 0x00000000e0000000)
  object space 94208K, 10% used [0x00000000a0000000,0x00000000a0936e80,0x00000000a5c00000)
 Metaspace       used 33080K, capacity 33652K, committed 34048K, reserved 1079296K
  class space    used 4567K, capacity 4771K, committed 4864K, reserved 1048576K
}
Event: 12.587 GC heap before
{Heap before GC invocations=9 (full 1):
 PSYoungGen      total 76288K, used 16470K [0x00000000e0000000, 0x00000000e7200000, 0x0000000100000000)
  eden space 64512K, 7% used [0x00000000e0000000,0x00000000e04d1090,0x00000000e3f00000)
  from space 11776K, 97% used [0x00000000e3f00000,0x00000000e4a449f8,0x00000000e4a80000)
  to   space 13312K, 0% used [0x00000000e6500000,0x00000000e6500000,0x00000000e7200000)
 ParOldGen       total 94208K, used 9435K [0x00000000a0000000, 0x00000000a5c00000, 0x00000000e0000000)
  object space 94208K, 10% used [0x00000000a0000000,0x00000000a0936e80,0x00000000a5c00000)
 Metaspace       used 34673K, capacity 35136K, committed 35416K, reserved 1079296K
  class space    used 4727K, capacity 4901K, committed 4992K, reserved 1048576K
Event: 12.643 GC heap after
Heap after GC invocations=9 (full 1):
 PSYoungGen      total 103936K, used 8086K [0x00000000e0000000, 0x00000000e8180000, 0x0000000100000000)
  eden space 90624K, 0% used [0x00000000e0000000,0x00000000e0000000,0x00000000e5880000)
  from space 13312K, 60% used [0x00000000e6500000,0x00000000e6ce5a00,0x00000000e7200000)
  to   space 12800K, 0% used [0x00000000e5880000,0x00000000e5880000,0x00000000e6500000)
 ParOldGen       total 94208K, used 9507K [0x00000000a0000000, 0x00000000a5c00000, 0x00000000e0000000)
  object space 94208K, 10% used [0x00000000a0000000,0x00000000a0948e90,0x00000000a5c00000)
 Metaspace       used 34673K, capacity 35136K, committed 35416K, reserved 1079296K
  class space    used 4727K, capacity 4901K, committed 4992K, reserved 1048576K
}
Event: 12.643 GC heap before
{Heap before GC invocations=10 (full 2):
 PSYoungGen      total 103936K, used 8086K [0x00000000e0000000, 0x00000000e8180000, 0x0000000100000000)
  eden space 90624K, 0% used [0x00000000e0000000,0x00000000e0000000,0x00000000e5880000)
  from space 13312K, 60% used [0x00000000e6500000,0x00000000e6ce5a00,0x00000000e7200000)
  to   space 12800K, 0% used [0x00000000e5880000,0x00000000e5880000,0x00000000e6500000)
 ParOldGen       total 94208K, used 9507K [0x00000000a0000000, 0x00000000a5c00000, 0x00000000e0000000)
  object space 94208K, 10% used [0x00000000a0000000,0x00000000a0948e90,0x00000000a5c00000)
 Metaspace       used 34673K, capacity 35136K, committed 35416K, reserved 1079296K
  class space    used 4727K, capacity 4901K, committed 4992K, reserved 1048576K
Event: 12.815 GC heap after
Heap after GC invocations=10 (full 2):
 PSYoungGen      total 103936K, used 0K [0x00000000e0000000, 0x00000000e8180000, 0x0000000100000000)
  eden space 90624K, 0% used [0x00000000e0000000,0x00000000e0000000,0x00000000e5880000)
  from space 13312K, 0% used [0x00000000e6500000,0x00000000e6500000,0x00000000e7200000)
  to   space 12800K, 0% used [0x00000000e5880000,0x00000000e5880000,0x00000000e6500000)
 ParOldGen       total 131584K, used 14788K [0x00000000a0000000, 0x00000000a8080000, 0x00000000e0000000)
  object space 131584K, 11% used [0x00000000a0000000,0x00000000a0e711a0,0x00000000a8080000)
 Metaspace       used 34673K, capacity 35136K, committed 35416K, reserved 1079296K
  class space    used 4727K, capacity 4901K, committed 4992K, reserved 1048576K
}

