# JRE version: OpenJDK Runtime Environment (8.0_242-b01) (build 1.8.0_242-release-1644-b01)
# Java VM: OpenJDK 64-Bit Server VM (25.242-b01 mixed mode windows-amd64 compressed oops)
Heap:
 PSYoungGen      total 56832K, used 47054K [0x00000000e0000000, 0x00000000e3f00000, 0x0000000100000000)
  eden space 49152K, 95% used [0x00000000e0000000,0x00000000e2df3aa0,0x00000000e3000000)
  from space 7680K, 0% used [0x00000000e3780000,0x00000000e3780000,0x00000000e3f00000)
  to   space 7680K, 0% used [0x00000000e3000000,0x00000000e3000000,0x00000000e3780000)
 ParOldGen       total 61440K, used 9507K [0x00000000a0000000, 0x00000000a3c00000, 0x00000000e0000000)
  object space 61440K, 15% used [0x00000000a0000000,0x00000000a0948d38,0x00000000a3c00000)
 Metaspace       used 26034K, capacity 26460K, committed 26752K, reserved 1073152K
  class space    used 3519K, capacity 3666K, committed 3712K, reserved 1048576K
GC Heap History (10 events):
Event: 18.823 GC heap before
{Heap before GC invocations=1 (full 0):
 PSYoungGen      total 56832K, used 49152K [0x00000000e0000000, 0x00000000e3f00000, 0x0000000100000000)
  eden space 49152K, 100% used [0x00000000e0000000,0x00000000e3000000,0x00000000e3000000)
  from space 7680K, 0% used [0x00000000e3780000,0x00000000e3780000,0x00000000e3f00000)
  to   space 7680K, 0% used [0x00000000e3000000,0x00000000e3000000,0x00000000e3780000)
 ParOldGen       total 130048K, used 0K [0x00000000a0000000, 0x00000000a7f00000, 0x00000000e0000000)
  object space 130048K, 0% used [0x00000000a0000000,0x00000000a0000000,0x00000000a7f00000)
 Metaspace       used 6877K, capacity 7120K, committed 7424K, reserved 1056768K
  class space    used 831K, capacity 908K, committed 1024K, reserved 1048576K
Event: 18.953 GC heap after
Heap after GC invocations=1 (full 0):
 PSYoungGen      total 56832K, used 5004K [0x00000000e0000000, 0x00000000e3f00000, 0x0000000100000000)
  eden space 49152K, 0% used [0x00000000e0000000,0x00000000e0000000,0x00000000e3000000)
  from space 7680K, 65% used [0x00000000e3000000,0x00000000e34e32e8,0x00000000e3780000)
  to   space 7680K, 0% used [0x00000000e3780000,0x00000000e3780000,0x00000000e3f00000)
 ParOldGen       total 130048K, used 8K [0x00000000a0000000, 0x00000000a7f00000, 0x00000000e0000000)
  object space 130048K, 0% used [0x00000000a0000000,0x00000000a0002000,0x00000000a7f00000)
 Metaspace       used 6877K, capacity 7120K, committed 7424K, reserved 1056768K
  class space    used 831K, capacity 908K, committed 1024K, reserved 1048576K
}
Event: 36.402 GC heap before
{Heap before GC invocations=2 (full 0):
 PSYoungGen      total 56832K, used 54156K [0x00000000e0000000, 0x00000000e3f00000, 0x0000000100000000)
  eden space 49152K, 100% used [0x00000000e0000000,0x00000000e3000000,0x00000000e3000000)
  from space 7680K, 65% used [0x00000000e3000000,0x00000000e34e32e8,0x00000000e3780000)
  to   space 7680K, 0% used [0x00000000e3780000,0x00000000e3780000,0x00000000e3f00000)
 ParOldGen       total 130048K, used 8K [0x00000000a0000000, 0x00000000a7f00000, 0x00000000e0000000)
  object space 130048K, 0% used [0x00000000a0000000,0x00000000a0002000,0x00000000a7f00000)
 Metaspace       used 12709K, capacity 13048K, committed 13440K, reserved 1060864K
  class space    used 1742K, capacity 1840K, committed 1920K, reserved 1048576K
Event: 36.443 GC heap after
Heap after GC invocations=2 (full 0):
 PSYoungGen      total 56832K, used 7409K [0x00000000e0000000, 0x00000000e3f00000, 0x0000000100000000)
  eden space 49152K, 0% used [0x00000000e0000000,0x00000000e0000000,0x00000000e3000000)
  from space 7680K, 96% used [0x00000000e3780000,0x00000000e3ebc6c0,0x00000000e3f00000)
  to   space 7680K, 0% used [0x00000000e3000000,0x00000000e3000000,0x00000000e3780000)
 ParOldGen       total 130048K, used 24K [0x00000000a0000000, 0x00000000a7f00000, 0x00000000e0000000)
  object space 130048K, 0% used [0x00000000a0000000,0x00000000a0006000,0x00000000a7f00000)
 Metaspace       used 12709K, capacity 13048K, committed 13440K, reserved 1060864K
  class space    used 1742K, capacity 1840K, committed 1920K, reserved 1048576K
}
Event: 50.648 GC heap before
{Heap before GC invocations=3 (full 0):
 PSYoungGen      total 56832K, used 56561K [0x00000000e0000000, 0x00000000e3f00000, 0x0000000100000000)
  eden space 49152K, 100% used [0x00000000e0000000,0x00000000e3000000,0x00000000e3000000)
  from space 7680K, 96% used [0x00000000e3780000,0x00000000e3ebc6c0,0x00000000e3f00000)
  to   space 7680K, 0% used [0x00000000e3000000,0x00000000e3000000,0x00000000e3780000)
 ParOldGen       total 130048K, used 24K [0x00000000a0000000, 0x00000000a7f00000, 0x00000000e0000000)
  object space 130048K, 0% used [0x00000000a0000000,0x00000000a0006000,0x00000000a7f00000)
 Metaspace       used 16784K, capacity 17160K, committed 17408K, reserved 1064960K
  class space    used 2417K, capacity 2554K, committed 2560K, reserved 1048576K
Event: 50.657 GC heap after
Heap after GC invocations=3 (full 0):
 PSYoungGen      total 56832K, used 7648K [0x00000000e0000000, 0x00000000e3f00000, 0x0000000100000000)
  eden space 49152K, 0% used [0x00000000e0000000,0x00000000e0000000,0x00000000e3000000)
  from space 7680K, 99% used [0x00000000e3000000,0x00000000e3778038,0x00000000e3780000)
  to   space 7680K, 0% used [0x00000000e3780000,0x00000000e3780000,0x00000000e3f00000)
 ParOldGen       total 130048K, used 1899K [0x00000000a0000000, 0x00000000a7f00000, 0x00000000e0000000)
  object space 130048K, 1% used [0x00000000a0000000,0x00000000a01dac78,0x00000000a7f00000)
 Metaspace       used 16784K, capacity 17160K, committed 17408K, reserved 1064960K
  class space    used 2417K, capacity 2554K, committed 2560K, reserved 1048576K
}
Event: 63.023 GC heap before
{Heap before GC invocations=4 (full 0):
 PSYoungGen      total 56832K, used 39421K [0x00000000e0000000, 0x00000000e3f00000, 0x0000000100000000)
  eden space 49152K, 64% used [0x00000000e0000000,0x00000000e1f074a0,0x00000000e3000000)
  from space 7680K, 99% used [0x00000000e3000000,0x00000000e3778038,0x00000000e3780000)
  to   space 7680K, 0% used [0x00000000e3780000,0x00000000e3780000,0x00000000e3f00000)
 ParOldGen       total 130048K, used 1899K [0x00000000a0000000, 0x00000000a7f00000, 0x00000000e0000000)
  object space 130048K, 1% used [0x00000000a0000000,0x00000000a01dac78,0x00000000a7f00000)
 Metaspace       used 20753K, capacity 21108K, committed 21248K, reserved 1067008K
  class space    used 2894K, capacity 3037K, committed 3072K, reserved 1048576K
Event: 63.039 GC heap after
Heap after GC invocations=4 (full 0):
 PSYoungGen      total 56832K, used 7660K [0x00000000e0000000, 0x00000000e3f00000, 0x0000000100000000)
  eden space 49152K, 0% used [0x00000000e0000000,0x00000000e0000000,0x00000000e3000000)
  from space 7680K, 99% used [0x00000000e3780000,0x00000000e3efb318,0x00000000e3f00000)
  to   space 7680K, 0% used [0x00000000e3000000,0x00000000e3000000,0x00000000e3780000)
 ParOldGen       total 130048K, used 4013K [0x00000000a0000000, 0x00000000a7f00000, 0x00000000e0000000)
  object space 130048K, 3% used [0x00000000a0000000,0x00000000a03eb678,0x00000000a7f00000)
 Metaspace       used 20753K, capacity 21108K, committed 21248K, reserved 1067008K
  class space    used 2894K, capacity 3037K, committed 3072K, reserved 1048576K
}
Event: 63.039 GC heap before
{Heap before GC invocations=5 (full 1):
 PSYoungGen      total 56832K, used 7660K [0x00000000e0000000, 0x00000000e3f00000, 0x0000000100000000)
  eden space 49152K, 0% used [0x00000000e0000000,0x00000000e0000000,0x00000000e3000000)
  from space 7680K, 99% used [0x00000000e3780000,0x00000000e3efb318,0x00000000e3f00000)
  to   space 7680K, 0% used [0x00000000e3000000,0x00000000e3000000,0x00000000e3780000)
 ParOldGen       total 130048K, used 4013K [0x00000000a0000000, 0x00000000a7f00000, 0x00000000e0000000)
  object space 130048K, 3% used [0x00000000a0000000,0x00000000a03eb678,0x00000000a7f00000)
 Metaspace       used 20753K, capacity 21108K, committed 21248K, reserved 1067008K
  class space    used 2894K, capacity 3037K, committed 3072K, reserved 1048576K
Event: 63.333 GC heap after
Heap after GC invocations=5 (full 1):
 PSYoungGen      total 56832K, used 0K [0x00000000e0000000, 0x00000000e3f00000, 0x0000000100000000)
  eden space 49152K, 0% used [0x00000000e0000000,0x00000000e0000000,0x00000000e3000000)
  from space 7680K, 0% used [0x00000000e3780000,0x00000000e3780000,0x00000000e3f00000)
  to   space 7680K, 0% used [0x00000000e3000000,0x00000000e3000000,0x00000000e3780000)
 ParOldGen       total 61440K, used 9507K [0x00000000a0000000, 0x00000000a3c00000, 0x00000000e0000000)
  object space 61440K, 15% used [0x00000000a0000000,0x00000000a0948d38,0x00000000a3c00000)
 Metaspace       used 20753K, capacity 21108K, committed 21248K, reserved 1067008K
  class space    used 2894K, capacity 3037K, committed 3072K, reserved 1048576K
}

