# JRE version: OpenJDK Runtime Environment (8.0_242-b01) (build 1.8.0_242-release-1644-b01)
# Java VM: OpenJDK 64-Bit Server VM (25.242-b01 mixed mode windows-amd64 compressed oops)
Heap:
 PSYoungGen      total 245760K, used 14866K [0x00000000e0000000, 0x00000000f0480000, 0x0000000100000000)
  eden space 229376K, 1% used [0x00000000e0000000,0x00000000e0426428,0x00000000ee000000)
  from space 16384K, 64% used [0x00000000ef000000,0x00000000efa5e6c0,0x00000000f0000000)
  to   space 16384K, 0% used [0x00000000ee000000,0x00000000ee000000,0x00000000ef000000)
 ParOldGen       total 127488K, used 29220K [0x00000000a0000000, 0x00000000a7c80000, 0x00000000e0000000)
  object space 127488K, 22% used [0x00000000a0000000,0x00000000a1c893d8,0x00000000a7c80000)
 Metaspace       used 55652K, capacity 56890K, committed 57088K, reserved 1099776K
  class space    used 7034K, capacity 7409K, committed 7424K, reserved 1048576K
GC Heap History (10 events):
Event: 194.359 GC heap before
{Heap before GC invocations=14 (full 2):
 PSYoungGen      total 124416K, used 117855K [0x00000000e0000000, 0x00000000eab80000, 0x0000000100000000)
  eden space 111616K, 100% used [0x00000000e0000000,0x00000000e6d00000,0x00000000e6d00000)
  from space 12800K, 48% used [0x00000000e6d00000,0x00000000e7317db8,0x00000000e7980000)
  to   space 12800K, 0% used [0x00000000e9f00000,0x00000000e9f00000,0x00000000eab80000)
 ParOldGen       total 127488K, used 15918K [0x00000000a0000000, 0x00000000a7c80000, 0x00000000e0000000)
  object space 127488K, 12% used [0x00000000a0000000,0x00000000a0f8bbc8,0x00000000a7c80000)
 Metaspace       used 44019K, capacity 44748K, committed 45056K, reserved 1089536K
  class space    used 5662K, capacity 5877K, committed 5888K, reserved 1048576K
Event: 194.368 GC heap after
Heap after GC invocations=14 (full 2):
 PSYoungGen      total 152576K, used 7150K [0x00000000e0000000, 0x00000000ea600000, 0x0000000100000000)
  eden space 145408K, 0% used [0x00000000e0000000,0x00000000e0000000,0x00000000e8e00000)
  from space 7168K, 99% used [0x00000000e9f00000,0x00000000ea5fb920,0x00000000ea600000)
  to   space 12288K, 0% used [0x00000000e8e00000,0x00000000e8e00000,0x00000000e9a00000)
 ParOldGen       total 127488K, used 15926K [0x00000000a0000000, 0x00000000a7c80000, 0x00000000e0000000)
  object space 127488K, 12% used [0x00000000a0000000,0x00000000a0f8dbc8,0x00000000a7c80000)
 Metaspace       used 44019K, capacity 44748K, committed 45056K, reserved 1089536K
  class space    used 5662K, capacity 5877K, committed 5888K, reserved 1048576K
}
Event: 195.526 GC heap before
{Heap before GC invocations=15 (full 2):
 PSYoungGen      total 152576K, used 152558K [0x00000000e0000000, 0x00000000ea600000, 0x0000000100000000)
  eden space 145408K, 100% used [0x00000000e0000000,0x00000000e8e00000,0x00000000e8e00000)
  from space 7168K, 99% used [0x00000000e9f00000,0x00000000ea5fb920,0x00000000ea600000)
  to   space 12288K, 0% used [0x00000000e8e00000,0x00000000e8e00000,0x00000000e9a00000)
 ParOldGen       total 127488K, used 15926K [0x00000000a0000000, 0x00000000a7c80000, 0x00000000e0000000)
  object space 127488K, 12% used [0x00000000a0000000,0x00000000a0f8dbc8,0x00000000a7c80000)
 Metaspace       used 44023K, capacity 44748K, committed 45056K, reserved 1089536K
  class space    used 5662K, capacity 5877K, committed 5888K, reserved 1048576K
Event: 195.536 GC heap after
Heap after GC invocations=15 (full 2):
 PSYoungGen      total 157696K, used 8836K [0x00000000e0000000, 0x00000000ecf80000, 0x0000000100000000)
  eden space 145408K, 0% used [0x00000000e0000000,0x00000000e0000000,0x00000000e8e00000)
  from space 12288K, 71% used [0x00000000e8e00000,0x00000000e96a1270,0x00000000e9a00000)
  to   space 12288K, 0% used [0x00000000ec380000,0x00000000ec380000,0x00000000ecf80000)
 ParOldGen       total 127488K, used 15934K [0x00000000a0000000, 0x00000000a7c80000, 0x00000000e0000000)
  object space 127488K, 12% used [0x00000000a0000000,0x00000000a0f8fbc8,0x00000000a7c80000)
 Metaspace       used 44023K, capacity 44748K, committed 45056K, reserved 1089536K
  class space    used 5662K, capacity 5877K, committed 5888K, reserved 1048576K
}
Event: 197.199 GC heap before
{Heap before GC invocations=16 (full 2):
 PSYoungGen      total 157696K, used 154244K [0x00000000e0000000, 0x00000000ecf80000, 0x0000000100000000)
  eden space 145408K, 100% used [0x00000000e0000000,0x00000000e8e00000,0x00000000e8e00000)
  from space 12288K, 71% used [0x00000000e8e00000,0x00000000e96a1270,0x00000000e9a00000)
  to   space 12288K, 0% used [0x00000000ec380000,0x00000000ec380000,0x00000000ecf80000)
 ParOldGen       total 127488K, used 15934K [0x00000000a0000000, 0x00000000a7c80000, 0x00000000e0000000)
  object space 127488K, 12% used [0x00000000a0000000,0x00000000a0f8fbc8,0x00000000a7c80000)
 Metaspace       used 44970K, capacity 45972K, committed 46336K, reserved 1089536K
  class space    used 5751K, capacity 6052K, committed 6144K, reserved 1048576K
Event: 197.209 GC heap after
Heap after GC invocations=16 (full 2):
 PSYoungGen      total 194048K, used 7820K [0x00000000e0000000, 0x00000000ecc00000, 0x0000000100000000)
  eden space 185344K, 0% used [0x00000000e0000000,0x00000000e0000000,0x00000000eb500000)
  from space 8704K, 89% used [0x00000000ec380000,0x00000000ecb232f0,0x00000000ecc00000)
  to   space 11776K, 0% used [0x00000000eb500000,0x00000000eb500000,0x00000000ec080000)
 ParOldGen       total 127488K, used 15942K [0x00000000a0000000, 0x00000000a7c80000, 0x00000000e0000000)
  object space 127488K, 12% used [0x00000000a0000000,0x00000000a0f91bc8,0x00000000a7c80000)
 Metaspace       used 44970K, capacity 45972K, committed 46336K, reserved 1089536K
  class space    used 5751K, capacity 6052K, committed 6144K, reserved 1048576K
}
Event: 229.881 GC heap before
{Heap before GC invocations=17 (full 2):
 PSYoungGen      total 194048K, used 193164K [0x00000000e0000000, 0x00000000ecc00000, 0x0000000100000000)
  eden space 185344K, 100% used [0x00000000e0000000,0x00000000eb500000,0x00000000eb500000)
  from space 8704K, 89% used [0x00000000ec380000,0x00000000ecb232f0,0x00000000ecc00000)
  to   space 11776K, 0% used [0x00000000eb500000,0x00000000eb500000,0x00000000ec080000)
 ParOldGen       total 127488K, used 15942K [0x00000000a0000000, 0x00000000a7c80000, 0x00000000e0000000)
  object space 127488K, 12% used [0x00000000a0000000,0x00000000a0f91bc8,0x00000000a7c80000)
 Metaspace       used 54899K, capacity 56104K, committed 56320K, reserved 1097728K
  class space    used 6982K, capacity 7336K, committed 7424K, reserved 1048576K
Event: 229.908 GC heap after
Heap after GC invocations=17 (full 2):
 PSYoungGen      total 197120K, used 11747K [0x00000000e0000000, 0x00000000f0000000, 0x0000000100000000)
  eden space 185344K, 0% used [0x00000000e0000000,0x00000000e0000000,0x00000000eb500000)
  from space 11776K, 99% used [0x00000000eb500000,0x00000000ec078db8,0x00000000ec080000)
  to   space 16384K, 0% used [0x00000000ef000000,0x00000000ef000000,0x00000000f0000000)
 ParOldGen       total 127488K, used 25486K [0x00000000a0000000, 0x00000000a7c80000, 0x00000000e0000000)
  object space 127488K, 19% used [0x00000000a0000000,0x00000000a18e3aa8,0x00000000a7c80000)
 Metaspace       used 54899K, capacity 56104K, committed 56320K, reserved 1097728K
  class space    used 6982K, capacity 7336K, committed 7424K, reserved 1048576K
}
Event: 231.877 GC heap before
{Heap before GC invocations=18 (full 2):
 PSYoungGen      total 197120K, used 197091K [0x00000000e0000000, 0x00000000f0000000, 0x0000000100000000)
  eden space 185344K, 100% used [0x00000000e0000000,0x00000000eb500000,0x00000000eb500000)
  from space 11776K, 99% used [0x00000000eb500000,0x00000000ec078db8,0x00000000ec080000)
  to   space 16384K, 0% used [0x00000000ef000000,0x00000000ef000000,0x00000000f0000000)
 ParOldGen       total 127488K, used 25486K [0x00000000a0000000, 0x00000000a7c80000, 0x00000000e0000000)
  object space 127488K, 19% used [0x00000000a0000000,0x00000000a18e3aa8,0x00000000a7c80000)
 Metaspace       used 55458K, capacity 56666K, committed 56832K, reserved 1099776K
  class space    used 7015K, capacity 7377K, committed 7424K, reserved 1048576K
Event: 231.903 GC heap after
Heap after GC invocations=18 (full 2):
 PSYoungGen      total 245760K, used 10617K [0x00000000e0000000, 0x00000000f0480000, 0x0000000100000000)
  eden space 229376K, 0% used [0x00000000e0000000,0x00000000e0000000,0x00000000ee000000)
  from space 16384K, 64% used [0x00000000ef000000,0x00000000efa5e6c0,0x00000000f0000000)
  to   space 16384K, 0% used [0x00000000ee000000,0x00000000ee000000,0x00000000ef000000)
 ParOldGen       total 127488K, used 29220K [0x00000000a0000000, 0x00000000a7c80000, 0x00000000e0000000)
  object space 127488K, 22% used [0x00000000a0000000,0x00000000a1c893d8,0x00000000a7c80000)
 Metaspace       used 55458K, capacity 56666K, committed 56832K, reserved 1099776K
  class space    used 7015K, capacity 7377K, committed 7424K, reserved 1048576K
}

